----------

Wed Jan 05 2022 14:44:57 GMT+0700 (Western Indonesia Time)

To https://github.com/SODA-ID/soda-id.github.io.git
   789cc5a..1aae7b6  main -> main


----------

Wed Jan 05 2022 14:48:10 GMT+0700 (Western Indonesia Time)

To https://github.com/SODA-ID/soda-id.github.io.git
   1aae7b6..de6215a  main -> main


----------

Wed Jan 05 2022 14:51:06 GMT+0700 (Western Indonesia Time)

To https://github.com/SODA-ID/soda-id.github.io.git
   de6215a..e451a2c  main -> main


----------

Wed Jan 05 2022 15:04:58 GMT+0700 (Western Indonesia Time)

To https://github.com/SODA-ID/soda-id.github.io.git
   e451a2c..351b77c  main -> main


----------

Wed Jan 05 2022 15:16:53 GMT+0700 (Western Indonesia Time)

To https://github.com/SODA-ID/soda-id.github.io.git
   351b77c..b3a078b  main -> main


----------

Wed Jan 05 2022 15:37:00 GMT+0700 (Western Indonesia Time)

To https://github.com/SODA-ID/soda-id.github.io.git
   b3a078b..822d7b4  main -> main


----------

Wed Jan 05 2022 15:37:09 GMT+0700 (Western Indonesia Time)

To https://github.com/SODA-ID/soda-id.github.io.git
   822d7b4..5b0e50e  main -> main


----------

Wed Jan 05 2022 15:52:57 GMT+0700 (Western Indonesia Time)

To https://github.com/SODA-ID/soda-id.github.io.git
   5b0e50e..74bbae0  main -> main


----------

Thu Jan 06 2022 08:14:57 GMT+0700 (Western Indonesia Time)

To https://github.com/SODA-ID/soda-id.github.io.git
   74bbae0..a740561  main -> main


----------

Thu Jan 06 2022 09:12:25 GMT+0700 (Western Indonesia Time)

To https://github.com/SODA-ID/soda-id.github.io.git
   a740561..9ce4293  main -> main


----------

Thu Jan 06 2022 10:06:05 GMT+0700 (Western Indonesia Time)

To https://github.com/SODA-ID/soda-id.github.io.git
   9ce4293..07abf4c  main -> main


----------

Thu Jan 06 2022 11:21:11 GMT+0700 (Western Indonesia Time)

To https://github.com/SODA-ID/soda-id.github.io.git
   07abf4c..31b04e8  main -> main


----------

Thu Jan 06 2022 11:29:27 GMT+0700 (Western Indonesia Time)

To https://github.com/SODA-ID/soda-id.github.io.git
   31b04e8..5b9b084  main -> main


----------

Thu Jan 06 2022 14:02:22 GMT+0700 (Western Indonesia Time)

fatal: unable to access 'https://github.com/SODA-ID/soda-id.github.io.git/': LibreSSL SSL_connect: SSL_ERROR_SYSCALL in connection to github.com:443 


----------

Thu Jan 06 2022 14:08:51 GMT+0700 (Western Indonesia Time)

To https://github.com/SODA-ID/soda-id.github.io.git
   5b9b084..be63707  main -> main


