----------

Tue Jan 04 2022 10:42:34 GMT+0700 (Western Indonesia Time)

To https://github.com/SODA-ID/soda-id.github.io.git
 * [new branch]      main -> main


----------

Tue Jan 04 2022 11:31:57 GMT+0700 (Western Indonesia Time)

To https://github.com/SODA-ID/soda-id.github.io.git
   d796a23..d776e18  main -> main


----------

Tue Jan 04 2022 17:08:42 GMT+0700 (Western Indonesia Time)

To https://github.com/SODA-ID/soda-id.github.io.git
   d776e18..65a1bc6  main -> main


----------

Wed Jan 05 2022 07:09:39 GMT+0700 (Western Indonesia Time)

To https://github.com/SODA-ID/soda-id.github.io.git
   65a1bc6..b284d26  main -> main


----------

Wed Jan 05 2022 07:40:11 GMT+0700 (Western Indonesia Time)

To https://github.com/SODA-ID/soda-id.github.io.git
   b284d26..405978f  main -> main


